z:\e\02.work\workcopy\opsmain\debug\vc120.pdb
z:\e\02.work\workcopy\opsmain\debug\gauge.obj
z:\e\02.work\workcopy\opsmain\debug\filewriterfactory.obj
z:\e\02.work\workcopy\opsmain\debug\filereaderfactory.obj
z:\e\02.work\workcopy\opsmain\debug\drawrectangletool.obj
z:\e\02.work\workcopy\opsmain\debug\drawlinetool.obj
z:\e\02.work\workcopy\opsmain\debug\drawcommand.obj
z:\e\02.work\workcopy\opsmain\debug\drawcircletool.obj
z:\e\02.work\workcopy\opsmain\debug\deleteselectedcommand.obj
z:\e\02.work\workcopy\opsmain\debug\commandstack.obj
z:\e\02.work\workcopy\opsmain\debug\command.obj
z:\e\02.work\workcopy\opsmain\debug\circle.obj
z:\e\02.work\workcopy\opsmain\debug\changeordercommand.obj
z:\e\02.work\workcopy\opsmain\debug\canvas.obj
z:\e\02.work\workcopy\opsmain\debug\bulkordercommand.obj
z:\e\02.work\workcopy\opsmain\debug\bringtofrontcommand.obj
z:\e\02.work\workcopy\opsmain\debug\bringforwardcommand.obj
z:\e\02.work\workcopy\opsmain\debug\boundaryshape.obj
z:\e\02.work\workcopy\opsmain\debug\batchvaluechangeevent.obj
z:\e\02.work\workcopy\opsmain\debug\activeselection.obj
z:\e\02.work\workcopy\opsmain\debug\abstractgroup.obj
z:\e\02.work\workcopy\opsmain\debug\sendbackwardcommand.obj
z:\e\02.work\workcopy\opsmain\debug\selectiontool.obj
z:\e\02.work\workcopy\opsmain\debug\selection.obj
z:\e\02.work\workcopy\opsmain\debug\rectangle.obj
z:\e\02.work\workcopy\opsmain\debug\qgauge.obj
z:\e\02.work\workcopy\opsmain\debug\propertysupport.obj
z:\e\02.work\workcopy\opsmain\debug\propertyspinbox.obj
z:\e\02.work\workcopy\opsmain\debug\propertycolorbutton.obj
z:\e\02.work\workcopy\opsmain\debug\moveselectioncommand.obj
z:\e\02.work\workcopy\opsmain\debug\maincommandstack.obj
z:\e\02.work\workcopy\opsmain\debug\line.obj
z:\e\02.work\workcopy\opsmain\debug\levelbar.obj
z:\e\02.work\workcopy\opsmain\debug\kyjsonfilereaderv2.obj
z:\e\02.work\workcopy\opsmain\debug\kyjsonfilereader.obj
z:\e\02.work\workcopy\opsmain\debug\jsonfilewriter.obj
z:\e\02.work\workcopy\opsmain\debug\jsonfilereader.obj
z:\e\02.work\workcopy\opsmain\debug\htjsonfilereader.obj
z:\e\02.work\workcopy\opsmain\debug\group.obj
z:\e\02.work\workcopy\opsmain\debug\goldendatasource.obj
z:\e\02.work\workcopy\opsmain\debug\globaldrawproperties.obj
z:\e\02.work\workcopy\opsmain\debug\qrc_icons.obj
z:\e\02.work\workcopy\opsmain\debug\moc_qgauge.obj
z:\e\02.work\workcopy\opsmain\debug\moc_globaldrawproperties.obj
z:\e\02.work\workcopy\opsmain\debug\moc_drawdialog.obj
z:\e\02.work\workcopy\opsmain\debug\moc_canvas.obj
z:\e\02.work\workcopy\opsmain\debug\svg.obj
z:\e\02.work\workcopy\opsmain\debug\mainwindow.obj
z:\e\02.work\workcopy\opsmain\debug\main.obj
z:\e\02.work\workcopy\opsmain\debug\visualentity.obj
z:\e\02.work\workcopy\opsmain\debug\valuechangetool.obj
z:\e\02.work\workcopy\opsmain\debug\valuechangeevent.obj
z:\e\02.work\workcopy\opsmain\debug\tool.obj
z:\e\02.work\workcopy\opsmain\debug\text.obj
z:\e\02.work\workcopy\opsmain\debug\shape.obj
z:\e\02.work\workcopy\opsmain\debug\sendtobackcommand.obj
z:\e\02.work\workcopy\opsmain\debug\moc_mainwindow.obj
z:\e\02.work\workcopy\opsmain\debug\moc_canvas.cpp
z:\e\02.work\workcopy\opsmain\debug\moc_drawdialog.cpp
z:\e\02.work\workcopy\opsmain\debug\moc_globaldrawproperties.cpp
z:\e\02.work\workcopy\opsmain\debug\moc_mainwindow.cpp
z:\e\02.work\workcopy\opsmain\debug\moc_qgauge.cpp
z:\e\02.work\workcopy\opsmain\debug\moc_predefs.h
z:\e\02.work\workcopy\opsmain\ui_mainwindow.h
z:\e\02.work\workcopy\opsmain\debug\qrc_icons.cpp
z:\e\02.work\workcopy\build\macsui.ilk
z:\e\02.work\workcopy\build\macsui.exe
z:\e\02.work\workcopy\build\macsui.pdb
z:\e\02.work\workcopy\opsmain\debug\icon.res
z:\e\02.work\workcopy\opsmain\..\build\macsui.exe
z:\e\02.work\workcopy\opsmain\debug\macsui.tlog\cl.command.1.tlog
z:\e\02.work\workcopy\opsmain\debug\macsui.tlog\cl.read.1.tlog
z:\e\02.work\workcopy\opsmain\debug\macsui.tlog\cl.write.1.tlog
z:\e\02.work\workcopy\opsmain\debug\macsui.tlog\custombuild.command.1.tlog
z:\e\02.work\workcopy\opsmain\debug\macsui.tlog\custombuild.read.1.tlog
z:\e\02.work\workcopy\opsmain\debug\macsui.tlog\custombuild.write.1.tlog
z:\e\02.work\workcopy\opsmain\debug\macsui.tlog\link.command.1.tlog
z:\e\02.work\workcopy\opsmain\debug\macsui.tlog\link.read.1.tlog
z:\e\02.work\workcopy\opsmain\debug\macsui.tlog\link.write.1.tlog
z:\e\02.work\workcopy\opsmain\debug\macsui.tlog\rc.command.1.tlog
z:\e\02.work\workcopy\opsmain\debug\macsui.tlog\rc.read.1.tlog
z:\e\02.work\workcopy\opsmain\debug\macsui.tlog\rc.write.1.tlog
